*********************************************************************
* LD Score Regression (LDSC)
* Version 1.0.1
* (C) 2014-2019 Brendan Bulik-Sullivan and Hilary Finucane
* Broad Institute of MIT and Harvard / MIT Department of Mathematics
* GNU General Public License v3
*********************************************************************
Call: 
./ldsc.py \
--out cad_ID \
--rg data/cad.sumstats.gz,data/grayinversediff.sumstats.gz \
--w-ld data/UKBB.ALL.ldscore/UKBB.EUR.rsid \
--ref-ld data/UKBB.ALL.ldscore/UKBB.EUR.rsid 

Beginning analysis at Fri Sep  8 11:11:15 2023
Reading summary statistics from data/cad.sumstats.gz ...
Read summary statistics for 593558 SNPs.
Reading reference panel LD Score from data/UKBB.ALL.ldscore/UKBB.EUR.rsid ... (ldscore_fromlist)
Read reference panel LD Scores for 1094844 SNPs.
Removing partitioned LD Scores with zero variance.
Reading regression weight LD Score from data/UKBB.ALL.ldscore/UKBB.EUR.rsid ... (ldscore_fromlist)
Read regression weight LD Scores for 1094844 SNPs.
After merging with reference panel LD, 542671 SNPs remain.
After merging with regression SNP LD, 542671 SNPs remain.
Computing rg for phenotype 2/2
Reading summary statistics from data/grayinversediff.sumstats.gz ...
Read summary statistics for 1217311 SNPs.
After merging with summary statistics, 542671 SNPs remain.
542662 SNPs with valid alleles.

Heritability of phenotype 1
---------------------------
Total Observed scale h2: 0.0708 (0.0065)
Lambda GC: 1.4175
Mean Chi^2: 1.7758
Intercept: 1.0469 (0.0229)
Ratio: 0.0604 (0.0295)

Heritability of phenotype 2/2
-----------------------------
Total Observed scale h2: 0.1502 (0.0157)
Lambda GC: 1.1207
Mean Chi^2: 1.1555
Intercept: 1.0281 (0.0089)
Ratio: 0.1804 (0.0574)

Genetic Covariance
------------------
Total Observed scale gencov: 0.0213 (0.0047)
Mean z1*z2: 0.0704
Intercept: 0.001 (0.0078)

Genetic Correlation
-------------------
Genetic Correlation: 0.2064 (0.0497)
Z-score: 4.1563
P: 3.2349e-05


Summary of Genetic Correlation Results
p1                                p2      rg      se       z           p  h2_obs  h2_obs_se  h2_int  h2_int_se  gcov_int  gcov_int_se
data/cad.sumstats.gz  data/grayinversediff.sumstats.gz  0.2064  0.0497  4.1563  3.2349e-05  0.1502     0.0157  1.0281     0.0089     0.001       0.0078

Analysis finished at Fri Sep  8 11:12:47 2023
Total time elapsed: 1.0m:31.17s
