*********************************************************************
* LD Score Regression (LDSC)
* Version 1.0.1
* (C) 2014-2019 Brendan Bulik-Sullivan and Hilary Finucane
* Broad Institute of MIT and Harvard / MIT Department of Mathematics
* GNU General Public License v3
*********************************************************************
Call: 
./ldsc.py \
--out cad_kurt \
--rg data/cad.sumstats.gz,data/kurtosis.sumstats.gz \
--w-ld data/UKBB.ALL.ldscore/UKBB.EUR.rsid \
--ref-ld data/UKBB.ALL.ldscore/UKBB.EUR.rsid 

Beginning analysis at Fri Sep  8 11:10:20 2023
Reading summary statistics from data/cad.sumstats.gz ...
Read summary statistics for 593558 SNPs.
Reading reference panel LD Score from data/UKBB.ALL.ldscore/UKBB.EUR.rsid ... (ldscore_fromlist)
Read reference panel LD Scores for 1094844 SNPs.
Removing partitioned LD Scores with zero variance.
Reading regression weight LD Score from data/UKBB.ALL.ldscore/UKBB.EUR.rsid ... (ldscore_fromlist)
Read regression weight LD Scores for 1094844 SNPs.
After merging with reference panel LD, 542671 SNPs remain.
After merging with regression SNP LD, 542671 SNPs remain.
Computing rg for phenotype 2/2
Reading summary statistics from data/kurtosis.sumstats.gz ...
Read summary statistics for 1217311 SNPs.
After merging with summary statistics, 542671 SNPs remain.
542662 SNPs with valid alleles.

Heritability of phenotype 1
---------------------------
Total Observed scale h2: 0.0708 (0.0065)
Lambda GC: 1.4175
Mean Chi^2: 1.7758
Intercept: 1.0469 (0.0229)
Ratio: 0.0604 (0.0295)

Heritability of phenotype 2/2
-----------------------------
Total Observed scale h2: 0.1149 (0.0161)
Lambda GC: 1.0926
Mean Chi^2: 1.1185
Intercept: 1.0204 (0.0084)
Ratio: 0.1721 (0.0705)

Genetic Covariance
------------------
Total Observed scale gencov: 0.013 (0.0047)
Mean z1*z2: 0.0394
Intercept: -0.0049 (0.0076)

Genetic Correlation
-------------------
Genetic Correlation: 0.1446 (0.0568)
Z-score: 2.5471
P: 0.0109


Summary of Genetic Correlation Results
p1                         p2      rg      se       z       p  h2_obs  h2_obs_se  h2_int  h2_int_se  gcov_int  gcov_int_se
data/cad.sumstats.gz  data/kurtosis.sumstats.gz  0.1446  0.0568  2.5471  0.0109  0.1149     0.0161  1.0204     0.0084   -0.0049       0.0076

Analysis finished at Fri Sep  8 11:11:46 2023
Total time elapsed: 1.0m:26.14s
