*********************************************************************
* LD Score Regression (LDSC)
* Version 1.0.1
* (C) 2014-2019 Brendan Bulik-Sullivan and Hilary Finucane
* Broad Institute of MIT and Harvard / MIT Department of Mathematics
* GNU General Public License v3
*********************************************************************
Call: 
./ldsc.py \
--out cad_spher \
--rg data/cad.sumstats.gz,data/spher.sumstats.gz \
--w-ld data/UKBB.ALL.ldscore/UKBB.EUR.rsid \
--ref-ld data/UKBB.ALL.ldscore/UKBB.EUR.rsid 

Beginning analysis at Thu Sep  7 22:38:08 2023
Reading summary statistics from data/cad.sumstats.gz ...
Read summary statistics for 593558 SNPs.
Reading reference panel LD Score from data/UKBB.ALL.ldscore/UKBB.EUR.rsid ... (ldscore_fromlist)
Read reference panel LD Scores for 1094844 SNPs.
Removing partitioned LD Scores with zero variance.
Reading regression weight LD Score from data/UKBB.ALL.ldscore/UKBB.EUR.rsid ... (ldscore_fromlist)
Read regression weight LD Scores for 1094844 SNPs.
After merging with reference panel LD, 542671 SNPs remain.
After merging with regression SNP LD, 542671 SNPs remain.
Computing rg for phenotype 2/2
Reading summary statistics from data/spher.sumstats.gz ...
Read summary statistics for 1217311 SNPs.
After merging with summary statistics, 542671 SNPs remain.
542662 SNPs with valid alleles.

Heritability of phenotype 1
---------------------------
Total Observed scale h2: 0.0708 (0.0065)
Lambda GC: 1.4175
Mean Chi^2: 1.7758
Intercept: 1.0469 (0.0229)
Ratio: 0.0604 (0.0295)

Heritability of phenotype 2/2
-----------------------------
Total Observed scale h2: 0.2342 (0.0245)
Lambda GC: 1.1715
Mean Chi^2: 1.2637
Intercept: 1.0647 (0.0148)
Ratio: 0.2453 (0.056)

Genetic Covariance
------------------
Total Observed scale gencov: 0.0059 (0.0042)
Mean z1*z2: 0.0085
Intercept: -0.0108 (0.008)

Genetic Correlation
-------------------
Genetic Correlation: 0.0455 (0.033)
Z-score: 1.3793
P: 0.1678


Summary of Genetic Correlation Results
p1                      p2      rg     se       z       p  h2_obs  h2_obs_se  h2_int  h2_int_se  gcov_int  gcov_int_se
data/cad.sumstats.gz  data/spher.sumstats.gz  0.0455  0.033  1.3793  0.1678  0.2342     0.0245  1.0647     0.0148   -0.0108        0.008

Analysis finished at Thu Sep  7 22:39:35 2023
Total time elapsed: 1.0m:27.64s
