*********************************************************************
* LD Score Regression (LDSC)
* Version 1.0.1
* (C) 2014-2019 Brendan Bulik-Sullivan and Hilary Finucane
* Broad Institute of MIT and Harvard / MIT Department of Mathematics
* GNU General Public License v3
*********************************************************************
Call: 
./ldsc.py \
--out dep_ID \
--rg data/graydependence.sumstats.gz,data/grayinversediff.sumstats.gz \
--w-ld data/UKBB.ALL.ldscore/UKBB.EUR.rsid \
--ref-ld data/UKBB.ALL.ldscore/UKBB.EUR.rsid 

Beginning analysis at Tue Sep  5 20:08:16 2023
Reading summary statistics from data/graydependence.sumstats.gz ...
Read summary statistics for 1178786 SNPs.
Reading reference panel LD Score from data/UKBB.ALL.ldscore/UKBB.EUR.rsid ... (ldscore_fromlist)
Read reference panel LD Scores for 1094844 SNPs.
Removing partitioned LD Scores with zero variance.
Reading regression weight LD Score from data/UKBB.ALL.ldscore/UKBB.EUR.rsid ... (ldscore_fromlist)
Read regression weight LD Scores for 1094844 SNPs.
After merging with reference panel LD, 1085838 SNPs remain.
After merging with regression SNP LD, 1085838 SNPs remain.
Computing rg for phenotype 2/2
Reading summary statistics from data/grayinversediff.sumstats.gz ...
Read summary statistics for 1217311 SNPs.
After merging with summary statistics, 1085838 SNPs remain.
1085838 SNPs with valid alleles.

Heritability of phenotype 1
---------------------------
Total Observed scale h2: 0.1236 (0.0224)
Lambda GC: 1.0957
Mean Chi^2: 1.127
Intercept: 1.0199 (0.0091)
Ratio: 0.1568 (0.072)

Heritability of phenotype 2/2
-----------------------------
Total Observed scale h2: 0.1457 (0.0148)
Lambda GC: 1.1238
Mean Chi^2: 1.1566
Intercept: 1.0324 (0.0081)
Ratio: 0.2069 (0.0517)

Genetic Covariance
------------------
Total Observed scale gencov: 0.1144 (0.0153)
Mean z1*z2: 0.7933
Intercept: 0.6952 (0.007)

Genetic Correlation
-------------------
Genetic Correlation: 0.8524 (0.0285)
Z-score: 29.8874
P: 2.8657e-196


Summary of Genetic Correlation Results
p1                                p2      rg      se        z            p  h2_obs  h2_obs_se  h2_int  h2_int_se  gcov_int  gcov_int_se
data/graydependence.sumstats.gz  data/grayinversediff.sumstats.gz  0.8524  0.0285  29.8874  2.8657e-196  0.1457     0.0148  1.0324     0.0081    0.6952        0.007

Analysis finished at Tue Sep  5 20:10:02 2023
Total time elapsed: 1.0m:45.45s
