*********************************************************************
* LD Score Regression (LDSC)
* Version 1.0.1
* (C) 2014-2019 Brendan Bulik-Sullivan and Hilary Finucane
* Broad Institute of MIT and Harvard / MIT Department of Mathematics
* GNU General Public License v3
*********************************************************************
Call: 
./ldsc.py \
--out dep_spher \
--rg data/graydependence.sumstats.gz,data/spher.sumstats.gz \
--w-ld data/UKBB.ALL.ldscore/UKBB.EUR.rsid \
--ref-ld data/UKBB.ALL.ldscore/UKBB.EUR.rsid 

Beginning analysis at Tue Sep  5 18:17:57 2023
Reading summary statistics from data/graydependence.sumstats.gz ...
Read summary statistics for 1178786 SNPs.
Reading reference panel LD Score from data/UKBB.ALL.ldscore/UKBB.EUR.rsid ... (ldscore_fromlist)
Read reference panel LD Scores for 1094844 SNPs.
Removing partitioned LD Scores with zero variance.
Reading regression weight LD Score from data/UKBB.ALL.ldscore/UKBB.EUR.rsid ... (ldscore_fromlist)
Read regression weight LD Scores for 1094844 SNPs.
After merging with reference panel LD, 1085838 SNPs remain.
After merging with regression SNP LD, 1085838 SNPs remain.
Computing rg for phenotype 2/2
Reading summary statistics from data/spher.sumstats.gz ...
Read summary statistics for 1217311 SNPs.
After merging with summary statistics, 1085838 SNPs remain.
1085838 SNPs with valid alleles.

Heritability of phenotype 1
---------------------------
Total Observed scale h2: 0.1236 (0.0224)
Lambda GC: 1.0957
Mean Chi^2: 1.127
Intercept: 1.0199 (0.0091)
Ratio: 0.1568 (0.072)

Heritability of phenotype 2/2
-----------------------------
Total Observed scale h2: 0.2328 (0.0247)
Lambda GC: 1.1683
Mean Chi^2: 1.2667
Intercept: 1.0681 (0.0146)
Ratio: 0.2553 (0.0548)

Genetic Covariance
------------------
Total Observed scale gencov: 0.0559 (0.0129)
Mean z1*z2: 0.2656
Intercept: 0.2149 (0.0064)

Genetic Correlation
-------------------
Genetic Correlation: 0.3293 (0.0635)
Z-score: 5.1852
P: 2.158e-07


Summary of Genetic Correlation Results
p1                      p2      rg      se       z           p  h2_obs  h2_obs_se  h2_int  h2_int_se  gcov_int  gcov_int_se
data/graydependence.sumstats.gz  data/spher.sumstats.gz  0.3293  0.0635  5.1852  2.1580e-07  0.2328     0.0247  1.0681     0.0146    0.2149       0.0064

Analysis finished at Tue Sep  5 18:19:22 2023
Total time elapsed: 1.0m:24.9s
