*********************************************************************
* LD Score Regression (LDSC)
* Version 1.0.1
* (C) 2014-2019 Brendan Bulik-Sullivan and Hilary Finucane
* Broad Institute of MIT and Harvard / MIT Department of Mathematics
* GNU General Public License v3
*********************************************************************
Call: 
./ldsc.py \
--out emph_spher \
--rg data/grayemph.sumstats.gz,data/spher.sumstats.gz \
--w-ld data/UKBB.ALL.ldscore/UKBB.EUR.rsid \
--ref-ld data/UKBB.ALL.ldscore/UKBB.EUR.rsid 

Beginning analysis at Tue Sep  5 18:27:06 2023
Reading summary statistics from data/grayemph.sumstats.gz ...
Read summary statistics for 1201120 SNPs.
Reading reference panel LD Score from data/UKBB.ALL.ldscore/UKBB.EUR.rsid ... (ldscore_fromlist)
Read reference panel LD Scores for 1094844 SNPs.
Removing partitioned LD Scores with zero variance.
Reading regression weight LD Score from data/UKBB.ALL.ldscore/UKBB.EUR.rsid ... (ldscore_fromlist)
Read regression weight LD Scores for 1094844 SNPs.
After merging with reference panel LD, 1085838 SNPs remain.
After merging with regression SNP LD, 1085838 SNPs remain.
Computing rg for phenotype 2/2
Reading summary statistics from data/spher.sumstats.gz ...
Read summary statistics for 1217311 SNPs.
After merging with summary statistics, 1085838 SNPs remain.
1085824 SNPs with valid alleles.

Heritability of phenotype 1
---------------------------
Total Observed scale h2: -0.0201 (0.009)
Lambda GC: 1.0405
Mean Chi^2: 1.0487
Intercept: 1.0662 (0.0061)
Ratio: 1.3598 (0.1257)

Heritability of phenotype 2/2
-----------------------------
Total Observed scale h2: 0.2328 (0.0247)
Lambda GC: 1.1683
Mean Chi^2: 1.2667
Intercept: 1.0681 (0.0146)
Ratio: 0.2552 (0.0548)

Genetic Covariance
------------------
Total Observed scale gencov: -0.0008 (0.008)
Mean z1*z2: 0.0802
Intercept: 0.0805 (0.0049)

Genetic Correlation
-------------------
Genetic Correlation: nan (nan) (h2  out of bounds) 
Z-score: nan (nan) (h2  out of bounds)
P: nan (nan) (h2  out of bounds)
WARNING: One of the h2's was out of bounds.
This usually indicates a data-munging error or that h2 or N is low.


Summary of Genetic Correlation Results
p1                      p2  rg  se   z   p  h2_obs  h2_obs_se  h2_int  h2_int_se  gcov_int  gcov_int_se
data/grayemph.sumstats.gz  data/spher.sumstats.gz  NA  NA  NA  NA  0.2328     0.0247  1.0681     0.0146    0.0805       0.0049

Analysis finished at Tue Sep  5 18:28:30 2023
Total time elapsed: 1.0m:23.87s
