*********************************************************************
* LD Score Regression (LDSC)
* Version 1.0.1
* (C) 2014-2019 Brendan Bulik-Sullivan and Hilary Finucane
* Broad Institute of MIT and Harvard / MIT Department of Mathematics
* GNU General Public License v3
*********************************************************************
Call: 
./ldsc.py \
--h2 data/graynonuniform.sumstats.gz \
--out graynonuniform \
--w-ld data/UKBB.ALL.ldscore/UKBB.EUR.rsid \
--ref-ld data/UKBB.ALL.ldscore/UKBB.EUR.rsid 

Beginning analysis at Wed Aug 16 20:17:40 2023
Reading summary statistics from data/graynonuniform.sumstats.gz ...
Read summary statistics for 1178793 SNPs.
Reading reference panel LD Score from data/UKBB.ALL.ldscore/UKBB.EUR.rsid ... (ldscore_fromlist)
Read reference panel LD Scores for 1094844 SNPs.
Removing partitioned LD Scores with zero variance.
Reading regression weight LD Score from data/UKBB.ALL.ldscore/UKBB.EUR.rsid ... (ldscore_fromlist)
Read regression weight LD Scores for 1094844 SNPs.
After merging with reference panel LD, 1085839 SNPs remain.
After merging with regression SNP LD, 1085839 SNPs remain.
Using two-step estimator with cutoff at 30.
Total Observed scale h2: 0.1819 (0.0188)
Lambda GC: 1.1491
Mean Chi^2: 1.1874
Intercept: 1.0345 (0.0084)
Ratio: 0.1839 (0.0448)
Analysis finished at Wed Aug 16 20:18:58 2023
Total time elapsed: 1.0m:18.04s
