*********************************************************************
* LD Score Regression (LDSC)
* Version 1.0.1
* (C) 2014-2019 Brendan Bulik-Sullivan and Hilary Finucane
* Broad Institute of MIT and Harvard / MIT Department of Mathematics
* GNU General Public License v3
*********************************************************************
Call: 
./ldsc.py \
--h2 data/grayemph.sumstats.gz \
--out grayemph \
--w-ld data/UKBB.ALL.ldscore/UKBB.EUR.rsid \
--ref-ld data/UKBB.ALL.ldscore/UKBB.EUR.rsid 

Beginning analysis at Wed Aug 16 19:35:51 2023
Reading summary statistics from data/grayemph.sumstats.gz ...
Read summary statistics for 1201120 SNPs.
Reading reference panel LD Score from data/UKBB.ALL.ldscore/UKBB.EUR.rsid ... (ldscore_fromlist)
Read reference panel LD Scores for 1094844 SNPs.
Removing partitioned LD Scores with zero variance.
Reading regression weight LD Score from data/UKBB.ALL.ldscore/UKBB.EUR.rsid ... (ldscore_fromlist)
Read regression weight LD Scores for 1094844 SNPs.
After merging with reference panel LD, 1085838 SNPs remain.
After merging with regression SNP LD, 1085838 SNPs remain.
Using two-step estimator with cutoff at 30.
Total Observed scale h2: -0.0198 (0.0094)
Lambda GC: 1.0405
Mean Chi^2: 1.0487
Intercept: 1.0659 (0.0061)
Ratio: 1.3539 (0.1258)
Analysis finished at Wed Aug 16 19:37:38 2023
Total time elapsed: 1.0m:47.87s
