*********************************************************************
* LD Score Regression (LDSC)
* Version 1.0.1
* (C) 2014-2019 Brendan Bulik-Sullivan and Hilary Finucane
* Broad Institute of MIT and Harvard / MIT Department of Mathematics
* GNU General Public License v3
*********************************************************************
Call: 
./ldsc.py \
--h2 data/grayinversediff.sumstats.gz \
--out grayinversediff \
--w-ld data/UKBB.ALL.ldscore/UKBB.EUR.rsid \
--ref-ld data/UKBB.ALL.ldscore/UKBB.EUR.rsid 

Beginning analysis at Thu Aug 17 13:45:44 2023
Reading summary statistics from data/grayinversediff.sumstats.gz ...
Read summary statistics for 1178804 SNPs.
Reading reference panel LD Score from data/UKBB.ALL.ldscore/UKBB.EUR.rsid ... (ldscore_fromlist)
Read reference panel LD Scores for 1094844 SNPs.
Removing partitioned LD Scores with zero variance.
Reading regression weight LD Score from data/UKBB.ALL.ldscore/UKBB.EUR.rsid ... (ldscore_fromlist)
Read regression weight LD Scores for 1094844 SNPs.
After merging with reference panel LD, 1085840 SNPs remain.
After merging with regression SNP LD, 1085840 SNPs remain.
Using two-step estimator with cutoff at 30.
Total Observed scale h2: 0.1438 (0.0146)
Lambda GC: 1.1238
Mean Chi^2: 1.1566
Intercept: 1.0338 (0.008)
Ratio: 0.2161 (0.051)
Analysis finished at Thu Aug 17 13:47:08 2023
Total time elapsed: 1.0m:23.24s
