*********************************************************************
* LD Score Regression (LDSC)
* Version 1.0.1
* (C) 2014-2019 Brendan Bulik-Sullivan and Hilary Finucane
* Broad Institute of MIT and Harvard / MIT Department of Mathematics
* GNU General Public License v3
*********************************************************************
Call: 
./ldsc.py \
--out ID_spher \
--rg data/grayinversediff.sumstats.gz,data/spher.sumstats.gz \
--w-ld data/UKBB.ALL.ldscore/UKBB.EUR.rsid \
--ref-ld data/UKBB.ALL.ldscore/UKBB.EUR.rsid 

Beginning analysis at Tue Sep  5 18:03:58 2023
Reading summary statistics from data/grayinversediff.sumstats.gz ...
Read summary statistics for 1178804 SNPs.
Reading reference panel LD Score from data/UKBB.ALL.ldscore/UKBB.EUR.rsid ... (ldscore_fromlist)
Read reference panel LD Scores for 1094844 SNPs.
Removing partitioned LD Scores with zero variance.
Reading regression weight LD Score from data/UKBB.ALL.ldscore/UKBB.EUR.rsid ... (ldscore_fromlist)
Read regression weight LD Scores for 1094844 SNPs.
After merging with reference panel LD, 1085840 SNPs remain.
After merging with regression SNP LD, 1085840 SNPs remain.
Computing rg for phenotype 2/2
Reading summary statistics from data/spher.sumstats.gz ...
Read summary statistics for 1217311 SNPs.
After merging with summary statistics, 1085840 SNPs remain.
1085840 SNPs with valid alleles.

Heritability of phenotype 1
---------------------------
Total Observed scale h2: 0.1457 (0.0148)
Lambda GC: 1.1238
Mean Chi^2: 1.1566
Intercept: 1.0324 (0.0081)
Ratio: 0.2069 (0.0517)

Heritability of phenotype 2/2
-----------------------------
Total Observed scale h2: 0.2328 (0.0247)
Lambda GC: 1.1683
Mean Chi^2: 1.2667
Intercept: 1.0681 (0.0146)
Ratio: 0.2553 (0.0548)

Genetic Covariance
------------------
Total Observed scale gencov: 0.0616 (0.0134)
Mean z1*z2: 0.2934
Intercept: 0.2377 (0.0068)

Genetic Correlation
-------------------
Genetic Correlation: 0.3347 (0.0587)
Z-score: 5.6983
P: 1.2101e-08


Summary of Genetic Correlation Results
p1                      p2      rg      se       z           p  h2_obs  h2_obs_se  h2_int  h2_int_se  gcov_int  gcov_int_se
data/grayinversediff.sumstats.gz  data/spher.sumstats.gz  0.3347  0.0587  5.6983  1.2101e-08  0.2328     0.0247  1.0681     0.0146    0.2377       0.0068

Analysis finished at Tue Sep  5 18:06:06 2023
Total time elapsed: 2.0m:8.19s
