*********************************************************************
* LD Score Regression (LDSC)
* Version 1.0.1
* (C) 2014-2019 Brendan Bulik-Sullivan and Hilary Finucane
* Broad Institute of MIT and Harvard / MIT Department of Mathematics
* GNU General Public License v3
*********************************************************************
Call: 
./ldsc.py \
--out kurt_ID \
--rg data/kurtosis.sumstats.gz,data/grayinversediff.sumstats.gz \
--w-ld data/UKBB.ALL.ldscore/UKBB.EUR.rsid \
--ref-ld data/UKBB.ALL.ldscore/UKBB.EUR.rsid 

Beginning analysis at Tue Sep  5 20:03:27 2023
Reading summary statistics from data/kurtosis.sumstats.gz ...
Read summary statistics for 1178790 SNPs.
Reading reference panel LD Score from data/UKBB.ALL.ldscore/UKBB.EUR.rsid ... (ldscore_fromlist)
Read reference panel LD Scores for 1094844 SNPs.
Removing partitioned LD Scores with zero variance.
Reading regression weight LD Score from data/UKBB.ALL.ldscore/UKBB.EUR.rsid ... (ldscore_fromlist)
Read regression weight LD Scores for 1094844 SNPs.
After merging with reference panel LD, 1085840 SNPs remain.
After merging with regression SNP LD, 1085840 SNPs remain.
Computing rg for phenotype 2/2
Reading summary statistics from data/grayinversediff.sumstats.gz ...
Read summary statistics for 1217311 SNPs.
After merging with summary statistics, 1085840 SNPs remain.
1085840 SNPs with valid alleles.

Heritability of phenotype 1
---------------------------
Total Observed scale h2: 0.1129 (0.0151)
Lambda GC: 1.0926
Mean Chi^2: 1.1197
Intercept: 1.0228 (0.0074)
Ratio: 0.1907 (0.0622)

Heritability of phenotype 2/2
-----------------------------
Total Observed scale h2: 0.1457 (0.0148)
Lambda GC: 1.1238
Mean Chi^2: 1.1566
Intercept: 1.0324 (0.0081)
Ratio: 0.2069 (0.0517)

Genetic Covariance
------------------
Total Observed scale gencov: 0.1201 (0.0138)
Mean z1*z2: 0.8853
Intercept: 0.783 (0.0069)

Genetic Correlation
-------------------
Genetic Correlation: 0.9358 (0.0215)
Z-score: 43.524
P: 0.


Summary of Genetic Correlation Results
p1                                p2      rg      se       z    p  h2_obs  h2_obs_se  h2_int  h2_int_se  gcov_int  gcov_int_se
data/kurtosis.sumstats.gz  data/grayinversediff.sumstats.gz  0.9358  0.0215  43.524  0.0  0.1457     0.0148  1.0324     0.0081     0.783       0.0069

Analysis finished at Tue Sep  5 20:04:58 2023
Total time elapsed: 1.0m:31.85s
