*********************************************************************
* LD Score Regression (LDSC)
* Version 1.0.1
* (C) 2014-2019 Brendan Bulik-Sullivan and Hilary Finucane
* Broad Institute of MIT and Harvard / MIT Department of Mathematics
* GNU General Public License v3
*********************************************************************
Call: 
./ldsc.py \
--out kurt_spher \
--rg data/kurtosis.sumstats.gz,data/spher.sumstats.gz \
--w-ld data/UKBB.ALL.ldscore/UKBB.EUR.rsid \
--ref-ld data/UKBB.ALL.ldscore/UKBB.EUR.rsid 

Beginning analysis at Tue Sep  5 18:23:11 2023
Reading summary statistics from data/kurtosis.sumstats.gz ...
Read summary statistics for 1178790 SNPs.
Reading reference panel LD Score from data/UKBB.ALL.ldscore/UKBB.EUR.rsid ... (ldscore_fromlist)
Read reference panel LD Scores for 1094844 SNPs.
Removing partitioned LD Scores with zero variance.
Reading regression weight LD Score from data/UKBB.ALL.ldscore/UKBB.EUR.rsid ... (ldscore_fromlist)
Read regression weight LD Scores for 1094844 SNPs.
After merging with reference panel LD, 1085840 SNPs remain.
After merging with regression SNP LD, 1085840 SNPs remain.
Computing rg for phenotype 2/2
Reading summary statistics from data/spher.sumstats.gz ...
Read summary statistics for 1217311 SNPs.
After merging with summary statistics, 1085840 SNPs remain.
1085840 SNPs with valid alleles.

Heritability of phenotype 1
---------------------------
Total Observed scale h2: 0.1129 (0.0151)
Lambda GC: 1.0926
Mean Chi^2: 1.1197
Intercept: 1.0228 (0.0074)
Ratio: 0.1907 (0.0622)

Heritability of phenotype 2/2
-----------------------------
Total Observed scale h2: 0.2328 (0.0247)
Lambda GC: 1.1683
Mean Chi^2: 1.2667
Intercept: 1.0681 (0.0146)
Ratio: 0.2553 (0.0548)

Genetic Covariance
------------------
Total Observed scale gencov: 0.0657 (0.0125)
Mean z1*z2: 0.267
Intercept: 0.2089 (0.0065)

Genetic Correlation
-------------------
Genetic Correlation: 0.4051 (0.0606)
Z-score: 6.6877
P: 2.2672e-11


Summary of Genetic Correlation Results
p1                      p2      rg      se       z           p  h2_obs  h2_obs_se  h2_int  h2_int_se  gcov_int  gcov_int_se
data/kurtosis.sumstats.gz  data/spher.sumstats.gz  0.4051  0.0606  6.6877  2.2672e-11  0.2328     0.0247  1.0681     0.0146    0.2089       0.0065

Analysis finished at Tue Sep  5 18:24:36 2023
Total time elapsed: 1.0m:24.47s
