*********************************************************************
* LD Score Regression (LDSC)
* Version 1.0.1
* (C) 2014-2019 Brendan Bulik-Sullivan and Hilary Finucane
* Broad Institute of MIT and Harvard / MIT Department of Mathematics
* GNU General Public License v3
*********************************************************************
Call: 
./ldsc.py \
--h2 data/kurtosis.sumstats.gz \
--out kurtosis \
--w-ld data/UKBB.ALL.ldscore/UKBB.EUR.rsid \
--ref-ld data/UKBB.ALL.ldscore/UKBB.EUR.rsid 

Beginning analysis at Wed Aug 16 21:00:46 2023
Reading summary statistics from data/kurtosis.sumstats.gz ...
Read summary statistics for 1178790 SNPs.
Reading reference panel LD Score from data/UKBB.ALL.ldscore/UKBB.EUR.rsid ... (ldscore_fromlist)
Read reference panel LD Scores for 1094844 SNPs.
Removing partitioned LD Scores with zero variance.
Reading regression weight LD Score from data/UKBB.ALL.ldscore/UKBB.EUR.rsid ... (ldscore_fromlist)
Read regression weight LD Scores for 1094844 SNPs.
After merging with reference panel LD, 1085840 SNPs remain.
After merging with regression SNP LD, 1085840 SNPs remain.
Using two-step estimator with cutoff at 30.
Total Observed scale h2: 0.112 (0.0149)
Lambda GC: 1.0926
Mean Chi^2: 1.1197
Intercept: 1.0236 (0.0073)
Ratio: 0.1969 (0.0613)
Analysis finished at Wed Aug 16 21:02:20 2023
Total time elapsed: 1.0m:34.2s
