*********************************************************************
* LD Score Regression (LDSC)
* Version 1.0.1
* (C) 2014-2019 Brendan Bulik-Sullivan and Hilary Finucane
* Broad Institute of MIT and Harvard / MIT Department of Mathematics
* GNU General Public License v3
*********************************************************************
Call: 
./ldsc.py \
--out nafl_kurt \
--rg data/nafld.sumstats.gz,data/kurtosis.sumstats.gz \
--w-ld data/UKBB.ALL.ldscore/UKBB.EUR.rsid \
--ref-ld data/UKBB.ALL.ldscore/UKBB.EUR.rsid 

Beginning analysis at Fri Sep  8 16:51:37 2023
Reading summary statistics from data/nafld.sumstats.gz ...
Read summary statistics for 143679 SNPs.
Reading reference panel LD Score from data/UKBB.ALL.ldscore/UKBB.EUR.rsid ... (ldscore_fromlist)
Read reference panel LD Scores for 1094844 SNPs.
Removing partitioned LD Scores with zero variance.
Reading regression weight LD Score from data/UKBB.ALL.ldscore/UKBB.EUR.rsid ... (ldscore_fromlist)
Read regression weight LD Scores for 1094844 SNPs.
After merging with reference panel LD, 129982 SNPs remain.
After merging with regression SNP LD, 129982 SNPs remain.
Computing rg for phenotype 2/2
Reading summary statistics from data/kurtosis.sumstats.gz ...
Read summary statistics for 1217311 SNPs.
After merging with summary statistics, 129982 SNPs remain.
129975 SNPs with valid alleles.
WARNING: number of SNPs less than 200k; this is almost always bad.
ERROR computing rg for phenotype 2/2, from file data/kurtosis.sumstats.gz.
Traceback (most recent call last):
  File "/medpop/esp2/mkaminen/spleen/ldsc/ldscore/sumstats.py", line 410, in estimate_rg
    rghat = _rg(loop, args, log, M_annot, ref_ld_cnames, w_ld_cname, i)
  File "/medpop/esp2/mkaminen/spleen/ldsc/ldscore/sumstats.py", line 539, in _rg
    intercept_gencov=intercepts[2], n_blocks=n_blocks, twostep=args.two_step)
  File "/medpop/esp2/mkaminen/spleen/ldsc/ldscore/regressions.py", line 705, in __init__
    np.multiply(hsq1.tot_delete_values, hsq2.tot_delete_values))
FloatingPointError: invalid value encountered in sqrt



Summary of Genetic Correlation Results
p1                         p2  rg  se   z   p h2_obs h2_obs_se h2_int h2_int_se gcov_int gcov_int_se
data/nafld.sumstats.gz  data/kurtosis.sumstats.gz  NA  NA  NA  NA     NA        NA     NA        NA       NA          NA

Analysis finished at Fri Sep  8 16:53:01 2023
Total time elapsed: 1.0m:24.61s
