*********************************************************************
* LD Score Regression (LDSC)
* Version 1.0.1
* (C) 2014-2019 Brendan Bulik-Sullivan and Hilary Finucane
* Broad Institute of MIT and Harvard / MIT Department of Mathematics
* GNU General Public License v3
*********************************************************************
Call: 
./ldsc.py \
--out nafl_cad \
--rg data/nafl.sumstats.gz,data/cad.sumstats.gz \
--w-ld data/UKBB.ALL.ldscore/UKBB.EUR.rsid \
--ref-ld data/UKBB.ALL.ldscore/UKBB.EUR.rsid 

Beginning analysis at Fri Sep  8 16:06:04 2023
Reading summary statistics from data/nafl.sumstats.gz ...
Read summary statistics for 143679 SNPs.
Reading reference panel LD Score from data/UKBB.ALL.ldscore/UKBB.EUR.rsid ... (ldscore_fromlist)
Read reference panel LD Scores for 1094844 SNPs.
Removing partitioned LD Scores with zero variance.
Reading regression weight LD Score from data/UKBB.ALL.ldscore/UKBB.EUR.rsid ... (ldscore_fromlist)
Read regression weight LD Scores for 1094844 SNPs.
After merging with reference panel LD, 129982 SNPs remain.
After merging with regression SNP LD, 129982 SNPs remain.
Computing rg for phenotype 2/2
Reading summary statistics from data/cad.sumstats.gz ...
Read summary statistics for 1217311 SNPs.
After merging with summary statistics, 129982 SNPs remain.
64963 SNPs with valid alleles.
WARNING: number of SNPs less than 200k; this is almost always bad.

Heritability of phenotype 1
---------------------------
Total Observed scale h2: -0.0096 (0.2229)
Lambda GC: 1.0375
Mean Chi^2: 1.056
Intercept: 1.0572 (0.0238)
Ratio: 1.0211 (0.4244)

Heritability of phenotype 2/2
-----------------------------
Total Observed scale h2: 0.0753 (0.0128)
Lambda GC: 1.4709
Mean Chi^2: 1.8597
Intercept: 1.081 (0.0871)
Ratio: 0.0943 (0.1013)

Genetic Covariance
------------------
Total Observed scale gencov: 0.092 (0.0313)
Mean z1*z2: 0.1033
Intercept: -0.0032 (0.0224)

Genetic Correlation
-------------------
Genetic Correlation: nan (nan) (h2  out of bounds) 
Z-score: nan (nan) (h2  out of bounds)
P: nan (nan) (h2  out of bounds)
WARNING: One of the h2's was out of bounds.
This usually indicates a data-munging error or that h2 or N is low.


Summary of Genetic Correlation Results
p1                    p2  rg  se   z   p  h2_obs  h2_obs_se  h2_int  h2_int_se  gcov_int  gcov_int_se
data/nafl.sumstats.gz  data/cad.sumstats.gz  NA  NA  NA  NA  0.0753     0.0128   1.081     0.0871   -0.0032       0.0224

Analysis finished at Fri Sep  8 16:07:26 2023
Total time elapsed: 1.0m:22.41s
