*********************************************************************
* LD Score Regression (LDSC)
* Version 1.0.1
* (C) 2014-2019 Brendan Bulik-Sullivan and Hilary Finucane
* Broad Institute of MIT and Harvard / MIT Department of Mathematics
* GNU General Public License v3
*********************************************************************
Call: 
./ldsc.py \
--out nonunif_spher \
--rg data/graynonuniform.sumstats.gz,data/spher.sumstats.gz \
--w-ld data/UKBB.ALL.ldscore/UKBB.EUR.rsid \
--ref-ld data/UKBB.ALL.ldscore/UKBB.EUR.rsid 

Beginning analysis at Tue Sep  5 18:19:48 2023
Reading summary statistics from data/graynonuniform.sumstats.gz ...
Read summary statistics for 1178793 SNPs.
Reading reference panel LD Score from data/UKBB.ALL.ldscore/UKBB.EUR.rsid ... (ldscore_fromlist)
Read reference panel LD Scores for 1094844 SNPs.
Removing partitioned LD Scores with zero variance.
Reading regression weight LD Score from data/UKBB.ALL.ldscore/UKBB.EUR.rsid ... (ldscore_fromlist)
Read regression weight LD Scores for 1094844 SNPs.
After merging with reference panel LD, 1085839 SNPs remain.
After merging with regression SNP LD, 1085839 SNPs remain.
Computing rg for phenotype 2/2
Reading summary statistics from data/spher.sumstats.gz ...
Read summary statistics for 1217311 SNPs.
After merging with summary statistics, 1085839 SNPs remain.
1085839 SNPs with valid alleles.

Heritability of phenotype 1
---------------------------
Total Observed scale h2: 0.1908 (0.0233)
Lambda GC: 1.1491
Mean Chi^2: 1.1874
Intercept: 1.028 (0.0091)
Ratio: 0.1493 (0.0484)

Heritability of phenotype 2/2
-----------------------------
Total Observed scale h2: 0.2328 (0.0247)
Lambda GC: 1.1683
Mean Chi^2: 1.2667
Intercept: 1.0681 (0.0146)
Ratio: 0.2553 (0.0548)

Genetic Covariance
------------------
Total Observed scale gencov: -0.0404 (0.0107)
Mean z1*z2: -0.1341
Intercept: -0.103 (0.0058)

Genetic Correlation
-------------------
Genetic Correlation: -0.1915 (0.0523)
Z-score: -3.661
P: 0.0003


Summary of Genetic Correlation Results
p1                      p2      rg      se      z       p  h2_obs  h2_obs_se  h2_int  h2_int_se  gcov_int  gcov_int_se
data/graynonuniform.sumstats.gz  data/spher.sumstats.gz -0.1915  0.0523 -3.661  0.0003  0.2328     0.0247  1.0681     0.0146    -0.103       0.0058

Analysis finished at Tue Sep  5 18:21:11 2023
Total time elapsed: 1.0m:23.51s
