Start time: Thu Jul  6 11:57:27 2023

              |=============================|
              |      REGENIE v3.2.8.gz      |
              |=============================|

Copyright (c) 2020-2023 Joelle Mbatchou, Andrey Ziyatdinov and Jonathan Marchini.
Distributed under the MIT License.
Compiled with Boost Iostream library.
Using Intel MKL with Eigen.

Log of output saved in file : small_spleen_2.log

Options in effect:
  --step 1 \
  --out small_spleen_2 \
  --bed /broad/hptmp/mkaminen/spleen/regenie/small_spleen/ukb_cal \
  --phenoFile /medpop/esp2/mkaminen/data/small_spleen_UKB.txt \
  --phenoColList sphericity \
  --covarFile /medpop/esp2/mkaminen/data/small_spleen_UKB.txt \
  --bsize 1000 \
  --lowmem \
  --extract /broad/hptmp/mkaminen/spleen/regenie/small_spleen/qc_pass.snplist \
  --keep /broad/hptmp/mkaminen/spleen/regenie/small_spleen/qc_pass.id \
  --covarColList sex,age,PC{1:10} \
  --catCovarList genotyping_array

Fitting null model
 * bim              : [/broad/hptmp/mkaminen/spleen/regenie/small_spleen/ukb_cal.bim] n_snps = 784256
   -keeping variants specified by --extract
   -number of variants remaining in the analysis = 509528
 * fam              : [/broad/hptmp/mkaminen/spleen/regenie/small_spleen/ukb_cal.fam] n_samples = 488377
   -keeping only individuals specified by --keep
   -number of genotyped individuals remaining in the analysis = 488371
 * bed              : [/broad/hptmp/mkaminen/spleen/regenie/small_spleen/ukb_cal.bed]
 * phenotypes       : [/medpop/esp2/mkaminen/data/small_spleen_UKB.txt] n_pheno = 1
   -dropping observations with missing values at any of the phenotypes
   -number of phenotyped individuals with no missing data = 41724
 * covariates       : [/medpop/esp2/mkaminen/data/small_spleen_UKB.txt] n_cov = 13
   -number of individuals with covariate data = 41724
 * number of individuals used in analysis = 41724
 * number of observations for each trait:
   - 'sphericity': 41724 observations
   -residualizing and scaling phenotypes...done (13ms) 
 * # threads        : [1]
 * block size       : [1000]
 * # blocks         : [521] for 509528 variants
 * # CV folds       : [5]
 * ridge data_l0    : [5 : 0.01 0.25 0.5 0.75 0.99 ]
 * ridge data_l1    : [5 : 0.01 0.25 0.5 0.75 0.99 ]
 * approximate memory usage : 10GB
 * writing level 0 predictions to disk
   -temporary files will have prefix [small_spleen_2_l0_Y]
   -approximate disk space needed : 10GB
 * setting memory...done

Chromosome 1
