*********************************************************************
* LD Score Regression (LDSC)
* Version 1.0.1
* (C) 2014-2019 Brendan Bulik-Sullivan and Hilary Finucane
* Broad Institute of MIT and Harvard / MIT Department of Mathematics
* GNU General Public License v3
*********************************************************************
Call: 
./ldsc.py \
--h2 data/spher.sumstats.gz \
--out spher \
--w-ld data/UKBB.ALL.ldscore/UKBB.EUR.rsid \
--ref-ld data/UKBB.ALL.ldscore/UKBB.EUR.rsid 

Beginning analysis at Tue Aug  8 16:49:22 2023
Reading summary statistics from data/spher.sumstats.gz ...
Read summary statistics for 1178812 SNPs.
Reading reference panel LD Score from data/UKBB.ALL.ldscore/UKBB.EUR.rsid ... (ldscore_fromlist)
Read reference panel LD Scores for 1094844 SNPs.
Removing partitioned LD Scores with zero variance.
Reading regression weight LD Score from data/UKBB.ALL.ldscore/UKBB.EUR.rsid ... (ldscore_fromlist)
Read regression weight LD Scores for 1094844 SNPs.
After merging with reference panel LD, 1085840 SNPs remain.
After merging with regression SNP LD, 1085840 SNPs remain.
Using two-step estimator with cutoff at 30.
Total Observed scale h2: 0.2491 (0.0247)
Lambda GC: 1.1683
Mean Chi^2: 1.2667
Intercept: 1.0566 (0.0102)
Ratio: 0.2121 (0.0382)
Analysis finished at Tue Aug  8 16:50:42 2023
Total time elapsed: 1.0m:20.19s
