*********************************************************************
* LD Score Regression (LDSC)
* Version 1.0.1
* (C) 2014-2019 Brendan Bulik-Sullivan and Hilary Finucane
* Broad Institute of MIT and Harvard / MIT Department of Mathematics
* GNU General Public License v3
*********************************************************************
Call: 
./ldsc.py \
--out whr_nonunif \
--rg data/whr.sumstats.gz,data/graynonuniform.sumstats.gz \
--w-ld data/UKBB.ALL.ldscore/UKBB.EUR.rsid \
--ref-ld data/UKBB.ALL.ldscore/UKBB.EUR.rsid 

Beginning analysis at Fri Sep  8 16:31:21 2023
Reading summary statistics from data/whr.sumstats.gz ...
Read summary statistics for 1080834 SNPs.
Reading reference panel LD Score from data/UKBB.ALL.ldscore/UKBB.EUR.rsid ... (ldscore_fromlist)
Read reference panel LD Scores for 1094844 SNPs.
Removing partitioned LD Scores with zero variance.
Reading regression weight LD Score from data/UKBB.ALL.ldscore/UKBB.EUR.rsid ... (ldscore_fromlist)
Read regression weight LD Scores for 1094844 SNPs.
After merging with reference panel LD, 993108 SNPs remain.
After merging with regression SNP LD, 993108 SNPs remain.
Computing rg for phenotype 2/2
Reading summary statistics from data/graynonuniform.sumstats.gz ...
Read summary statistics for 1217311 SNPs.
After merging with summary statistics, 993108 SNPs remain.
993087 SNPs with valid alleles.

Heritability of phenotype 1
---------------------------
Total Observed scale h2: 0.1166 (0.0092)
Lambda GC: 1.8204
Mean Chi^2: 2.6102
Intercept: 1.2189 (0.0576)
Ratio: 0.1359 (0.0358)

Heritability of phenotype 2/2
-----------------------------
Total Observed scale h2: 0.1912 (0.024)
Lambda GC: 1.1459
Mean Chi^2: 1.1868
Intercept: 1.0276 (0.0098)
Ratio: 0.1476 (0.0527)

Genetic Covariance
------------------
Total Observed scale gencov: -0.0266 (0.0054)
Mean z1*z2: -0.141
Intercept: -0.0643 (0.0081)

Genetic Correlation
-------------------
Genetic Correlation: -0.1778 (0.0335)
Z-score: -5.3086
P: 1.1046e-07


Summary of Genetic Correlation Results
p1                               p2      rg      se       z           p  h2_obs  h2_obs_se  h2_int  h2_int_se  gcov_int  gcov_int_se
data/whr.sumstats.gz  data/graynonuniform.sumstats.gz -0.1778  0.0335 -5.3086  1.1046e-07  0.1912      0.024  1.0276     0.0098   -0.0643       0.0081

Analysis finished at Fri Sep  8 16:33:16 2023
Total time elapsed: 1.0m:55.1s
